1 0.725000
101 0.604950
201 0.284950
301 0.291362
401 0.291209
501 0.298303
601 0.299168
701 0.297682
801 0.298471
901 0.300777
1001 0.298601
1101 0.304042
1201 0.303789
1301 0.307802
1401 0.304854
1501 0.304547
1601 0.312617
1701 0.305041
1801 0.301527
1901 0.304550
2001 0.301074
2101 0.309365
2201 0.309337
2301 0.312755
2401 0.309267
2501 0.312185
2601 0.310563
2701 0.317410
2801 0.308854
2901 0.311143
3001 0.308780
3101 0.311287
3201 0.310778
3301 0.310883
3401 0.308181
3501 0.311532
3601 0.306401
3701 0.310950
3801 0.307478
3901 0.312522
4001 0.307411
4101 0.317045
4201 0.316437
4301 0.316508
4401 0.317808
4501 0.316174
4601 0.318811
4701 0.318624
4801 0.319522
4901 0.317879
5001 0.316677
5101 0.319418
5201 0.318251
5301 0.317119
5401 0.314844
5501 0.315974
5601 0.315578
5701 0.314967
5801 0.317398
5901 0.314561
6001 0.314935
6101 0.314440
6201 0.316812
6301 0.323834
6401 0.313447
6501 0.314405
6601 0.313782
6701 0.313897
6801 0.310322
6901 0.316577
7001 0.314623
7101 0.315614
7201 0.315189
7301 0.313981
7401 0.316143
7501 0.313948
7601 0.313798
7701 0.315001
7801 0.314021
7901 0.315422
8001 0.318488
8101 0.315751
8201 0.321988
8301 0.321229
8401 0.323560
8501 0.323909
8601 0.321997
8701 0.323204
8801 0.324889
8901 0.323882
9001 0.322606
9101 0.324006
9201 0.322212
9301 0.322422
9401 0.322537
9501 0.325226
9601 0.324937
9701 0.324796
9801 0.323707
9901 0.323149
