1 0.700000
101 0.788366
201 0.805473
301 0.831146
401 0.546197
501 0.286527
601 0.296464
701 0.296041
801 0.296723
901 0.294867
1001 0.295904
1101 0.302679
1201 0.298293
1301 0.300653
1401 0.301035
1501 0.301666
1601 0.299859
1701 0.299985
1801 0.299903
1901 0.303511
2001 0.302874
2101 0.306925
2201 0.310348
2301 0.307790
2401 0.308080
2501 0.308976
2601 0.306863
2701 0.306979
2801 0.306194
2901 0.305877
3001 0.306923
3101 0.307070
3201 0.306920
3301 0.307172
3401 0.311203
3501 0.308183
3601 0.307387
3701 0.308998
3801 0.306038
3901 0.304614
4001 0.309085
4101 0.314167
4201 0.313717
4301 0.314299
4401 0.312651
4501 0.309992
4601 0.314964
4701 0.314433
4801 0.314799
4901 0.312635
5001 0.314737
5101 0.312728
5201 0.312940
5301 0.312493
5401 0.310827
5501 0.315620
5601 0.315292
5701 0.314138
5801 0.314735
5901 0.313739
6001 0.312527
6101 0.312678
6201 0.310821
6301 0.313791
6401 0.312959
6501 0.312548
6601 0.313990
6701 0.311916
6801 0.314457
6901 0.316476
7001 0.315941
7101 0.314804
7201 0.313870
7301 0.313272
7401 0.312188
7501 0.314601
7601 0.314242
7701 0.312956
7801 0.313489
7901 0.315561
8001 0.314776
8101 0.316288
8201 0.322537
8301 0.322040
8401 0.321557
8501 0.321295
8601 0.323366
8701 0.320437
8801 0.320415
8901 0.322571
9001 0.323034
9101 0.324596
9201 0.322946
9301 0.321377
9401 0.320963
9501 0.320229
9601 0.317805
9701 0.320467
9801 0.320011
9901 0.321268
