1 1.000000
201 191.000000
401 381.000000
601 571.000000
801 761.000000
1001 951.000000
1201 1141.000000
1401 1330.904785
1601 1520.704590
1801 1710.567261
2001 1900.468994
2201 2090.396484
2401 2280.341064
2601 2470.298096
2801 2660.263916
3001 2850.236328
3201 3040.213867
3401 3230.195068
3601 3420.179443
3801 3610.332520
4001 3800.155273
4201 3991.659912
4401 4180.136719
4601 4372.656250
4801 4560.123047
5001 4753.423340
5201 4940.112305
5401 5134.025879
5601 5320.103516
5801 5512.064941
6001 5703.370117
6201 5894.903809
6401 6080.095703
6601 6269.881348
6801 6466.005859
7001 6655.500488
7201 6840.090332
7401 7028.366699
7601 7227.853027
7801 7415.922363
8001 7600.086914
8201 7787.271973
8401 7983.119629
8601 8169.041504
8801 8368.301758
9001 8555.644531
9201 8750.208008
9401 8936.465820
9601 9120.081055
9801 9305.831055
