1 0.800000
101 1.223762
201 1.741294
301 2.262459
401 2.783541
501 3.279042
601 3.751747
701 1.881027
801 1.689638
901 1.862375
1001 2.042757
1101 2.208538
1201 2.401832
1301 2.575250
1401 2.748608
1501 2.933111
1601 3.115553
1701 3.301234
1801 3.490505
1901 3.661126
2001 3.823588
2101 4.015612
2201 4.192276
2301 4.369926
2401 4.547439
2501 4.724830
2601 4.906190
2701 5.083821
2801 5.246697
2901 5.444398
3001 5.607597
3101 5.788713
3201 5.967385
3301 6.140442
3401 6.328785
3501 6.497858
3601 6.684532
3701 6.849771
3801 7.013207
3901 7.219738
4001 7.394801
4101 7.575079
4201 7.750060
4301 7.942386
4401 8.115247
4501 8.293890
4601 8.474505
4701 8.649564
4801 8.831868
4901 9.004815
5001 9.188163
5101 9.365889
5201 9.548510
5301 9.722807
5401 9.908239
5501 10.076641
5601 10.257097
5701 10.439572
5801 10.603621
5901 10.797458
6001 10.974404
6101 11.156631
6201 11.334107
6301 11.514648
6401 11.703515
6501 11.884171
6601 12.067142
6701 12.205492
6801 12.409087
6901 12.593219
7001 12.779346
7101 12.954091
7201 13.147646
7301 13.320422
7401 13.493879
7501 13.704679
7601 14.326694
7701 14.027607
7801 14.198308
7901 14.383648
8001 14.571428
8101 14.758795
8201 14.937105
8301 15.118443
8401 15.290537
8501 15.468886
8601 15.639949
8701 15.825238
8801 16.008045
8901 16.395483
9001 16.460238
9101 16.529985
9201 16.710554
9301 16.892656
9401 17.069290
9501 17.247406
9601 17.426727
9701 17.602804
9801 17.784533
9901 17.962690
