1 1.000000
101 99.750000
201 198.500000
301 297.250000
401 396.000000
501 494.750000
601 593.500000
701 692.116150
801 790.666321
901 889.279114
1001 987.931091
1101 1086.608521
1201 1185.303345
1301 1284.010254
1401 1382.726196
1501 1482.418701
1601 1580.176147
1701 1680.537109
1801 1777.641846
1901 1878.470947
2001 1975.117188
2101 2074.464600
2201 2174.955811
2301 2274.023926
2401 2370.085205
2501 2468.095947
2601 2571.505371
2701 2668.256592
2801 2767.175781
2901 2865.285889
3001 2967.477539
3101 3064.558105
3201 3160.053467
3301 3256.697754
3401 3356.602051
3501 3452.654053
3601 3562.562500
3701 3659.269287
3801 3756.671631
3901 3854.798584
4001 3954.802490
4101 4046.033936
4201 4151.441406
4301 4239.874023
4401 4355.289551
4501 4440.903320
4601 4549.164062
4701 4632.751953
4801 4740.030762
4901 4849.374512
5001 4932.846191
5101 5043.371582
5201 5131.114258
5301 5240.368652
5401 5322.616211
5501 5435.004395
5601 5547.932617
5701 5635.746582
5801 5728.611328
5901 5817.314941
6001 5937.842773
6101 6030.192383
6201 6111.162109
6301 6204.270020
6401 6320.024902
6501 6436.733398
6601 6535.208496
6701 6603.713867
6801 6706.179688
6901 6823.792480
7001 6925.132812
7101 6985.948730
7201 7103.203125
7301 7205.202637
7401 7324.849609
7501 7424.240723
7601 7492.615723
7701 7589.791504
7801 7696.411621
7901 7816.028320
8001 7916.918945
8101 8004.647949
8201 8090.822266
8301 8184.421875
8401 8322.626953
8501 8364.968750
8601 8507.582031
8701 8595.135742
8801 8678.166992
8901 8826.583984
9001 8864.897461
9101 9018.972656
9201 9099.556641
9301 9164.190430
9401 9294.780273
9501 9358.307617
9601 9531.868164
9701 9602.073242
9801 9660.727539
9901 9803.144531
