1 1.000000
201 101.000000
401 201.000000
601 301.000000
801 401.000000
1001 501.000000
1201 601.000000
1401 701.000000
1601 801.000000
1801 901.000000
2001 1001.000000
2201 1101.000000
2401 1201.000000
2601 1301.000000
2801 1401.000000
3001 1501.000000
3201 1601.000000
3401 1701.000000
3601 1801.000000
3801 1901.000000
4001 2001.000000
4201 2101.000000
4401 2201.000000
4601 2301.000000
4801 2401.000000
5001 2501.000000
5201 2601.000000
5401 2701.000000
5601 2801.000000
5801 2900.999756
6001 3000.997070
6201 3100.998535
6401 3200.996094
6601 3300.998535
6801 3400.999756
7001 3500.998779
7201 3600.995605
7401 3700.995850
7601 3800.990967
7801 3900.993164
8001 4001.002930
8201 4100.986816
8401 4200.998047
8601 4301.002441
8801 4400.994629
9001 4500.997559
9201 4600.999023
9401 4701.008301
9601 4801.003418
9801 4900.982422
