1 1
26 1
51 1
76 2
101 2
126 1
151 1
176 1
201 1
226 2
251 2
276 2
301 1
326 1
351 2
376 1
401 1
426 1
451 1
476 1
501 1
526 2
551 2
576 1
601 2
626 2
651 1
676 1
701 1
726 1
751 1
776 1
801 1
826 1
851 1
876 1
901 2
926 1
951 1
976 2
1001 1
1026 2
1051 2
1076 1
1101 1
1126 1
1151 2
1176 2
1201 2
1226 1
1251 2
1276 2
1301 1
1326 1
1351 2
1376 2
1401 1
1426 1
1451 1
1476 1
1501 2
1526 2
1551 1
1576 1
1601 2
1626 1
1651 1
1676 1
1701 1
1726 2
1751 1
1776 1
1801 1
1826 2
1851 2
1876 2
1901 2
1926 1
1951 2
1976 2
2001 2
2026 1
2051 2
2076 2
2101 1
2126 2
2151 2
2176 2
2201 2
2226 2
2251 1
2276 2
2301 1
2326 1
2351 1
2376 2
2401 2
2426 1
2451 1
2476 1
2501 1
2526 2
2551 2
2576 2
2601 1
2626 1
2651 2
2676 1
2701 1
2726 1
2751 1
2776 1
2801 1
2826 2
2851 2
2876 1
2901 2
2926 2
2951 1
2976 1
3001 1
3026 1
3051 2
3076 2
3101 2
3126 2
3151 2
3176 1
3201 1
3226 2
3251 1
3276 1
3301 1
3326 1
3351 1
3376 1
3401 1
3426 1
3451 2
3476 1
3501 1
3526 1
3551 2
3576 1
3601 1
3626 1
3651 2
3676 1
3701 1
3726 1
3751 2
3776 1
3801 1
3826 1
3851 1
3876 1
3901 1
3926 1
3951 2
3976 1
4001 2
4026 1
4051 1
4076 1
4101 1
4126 1
4151 1
4176 1
4201 2
4226 2
4251 1
4276 1
4301 1
4326 2
4351 1
4376 2
4401 2
4426 1
4451 2
4476 1
4501 1
4526 2
4551 1
4576 1
4601 1
4626 1
4651 2
4676 1
4701 1
4726 2
4751 2
4776 1
4801 2
4826 1
4851 1
4876 1
4901 1
4926 1
4951 1
4976 1
