1 0.010000
201 199.015076
401 398.015076
601 597.014954
801 796.015259
1001 995.015015
1201 1194.014893
1401 1395.500610
1601 1592.015015
1801 1786.367188
2001 1984.826782
2201 2194.757568
2401 2390.041016
2601 2587.020020
2801 2796.458740
3001 2991.782227
3201 3184.014893
3401 3380.112793
3601 3569.408203
3801 3784.256104
4001 3958.909424
4201 4193.752930
4401 4363.427734
4601 4584.467773
4801 4809.875488
5001 4984.750488
5201 5171.824219
5401 5354.650879
5601 5598.377441
5801 5792.257324
6001 5933.546387
6201 6130.869629
6401 6368.015137
6601 6607.191406
6801 6800.171387
7001 6951.844727
7201 7135.488770
7401 7329.443848
7601 7605.051270
7801 7686.569824
8001 7988.975098
8201 8151.214844
8401 8297.110352
8601 8625.437500
8801 8693.671875
9001 9040.272461
9201 9169.427734
9401 9270.508789
9601 9612.571289
9801 9750.165039
